<?xml version="1.0" encoding="UTF-8"?>
<!-- Generated by org.testng.reporters.JUnitReportReporter -->
<testsuite skipped="5" hostname="Ashus-MacBook-Air.local" name="test.api.automation.TC001" tests="6" failures="0" timestamp="18 Jul 2018 17:12:27 GMT" time="5.491" errors="0">
  <testcase name="endToEnd" time="5.491" classname="test.api.automation.TC001"/>
  <testcase name="TC001_GetMethod" classname="test.api.automation.TC001">
    <skipped/>
  </testcase> <!-- TC001_GetMethod -->
  <testcase name="Tc_Post" classname="test.api.automation.TC001">
    <skipped/>
  </testcase> <!-- Tc_Post -->
  <testcase name="TC001_GetMethod_Validation" classname="test.api.automation.TC001">
    <skipped/>
  </testcase> <!-- TC001_GetMethod_Validation -->
  <testcase name="TCwithBDD" classname="test.api.automation.TC001">
    <skipped/>
  </testcase> <!-- TCwithBDD -->
  <testcase name="TcPostObject" classname="test.api.automation.TC001">
    <skipped/>
  </testcase> <!-- TcPostObject -->
</testsuite> <!-- test.api.automation.TC001 -->
